{
  "RSpec": {
    "coverage": {
      "/Users/student/Project/Week10/Tic-Tac-Toe/spec/print_spec.rb": [
        1,
        null,
        1,
        2,
        1,
        null,
        1,
        null,
        null,
        null,
        1,
        1,
        null,
        null,
        1,
        1,
        1,
        1,
        null,
        null,
        null,
        null
      ],
      "/Users/student/Project/Week10/Tic-Tac-Toe/lib/print.rb": [
        1,
        1,
        1,
        null,
        null,
        1,
        null,
        1,
        1,
        null,
        null
      ],
      "/Users/student/Project/Week10/Tic-Tac-Toe/spec/tic_tac_toe_spec.rb": [
        1,
        null,
        1,
        3,
        3,
        null,
        1,
        1,
        2,
        null,
        1,
        1,
        null,
        null,
        null,
        1,
        2,
        null,
        1,
        1,
        null,
        null,
        null,
        null
      ],
      "/Users/student/Project/Week10/Tic-Tac-Toe/lib/tic_tac_toe.rb": [
        1,
        1,
        2,
        2,
        null,
        null,
        1,
        2,
        2,
        2,
        null,
        null,
        1,
        null,
        2,
        null,
        null,
        null,
        null,
        2,
        0,
        null,
        null,
        2,
        null,
        1,
        1,
        null,
        1,
        1,
        null,
        0,
        null,
        null,
        null
      ]
    },
    "timestamp": 1576763754
  }
}
